<?xml version="1.0" encoding="UTF-8"?>
<!-- Generated by org.testng.reporters.JUnitXMLReporter -->
<testsuite hostname="Admin-PC" ignored="3" name="chrome" tests="1" failures="0" timestamp="12 Feb 2018 19:54:12 GMT" time="0.074" errors="0">
  <testcase name="functionl" time="0.025" classname="kl.Orangehrm"/>
  <testcase name="f3" time="0.0" classname="kl.Orangehrm">
    <ignored/>
  </testcase> <!-- f3 -->
  <testcase name="f2" time="0.0" classname="kl.Orangehrm">
    <ignored/>
  </testcase> <!-- f2 -->
  <testcase name="f12" time="0.0" classname="kl.Orangehrm">
    <ignored/>
  </testcase> <!-- f12 -->
</testsuite> <!-- chrome -->
