<?xml version="1.0" encoding="UTF-8"?>
<!-- Generated by org.testng.reporters.JUnitXMLReporter -->
<testsuite hostname="Admin-PC" ignored="0" name="firefox" tests="3" failures="0" timestamp="08 Feb 2018 12:46:49 GMT" time="47.709" errors="0">
  <testcase name="@BeforeClass beforeTest" time="47.646" classname="kl.Orangehrm">
    <failure type="org.openqa.selenium.WebDriverException" message="Failed to connect to binary FirefoxBinary(C:\Program Files (x86)\Mozilla Firefox\firefox.exe) on port 7055; process output follows: 
\Mozilla Firefox\browser\features\activity-stream@mozilla.org.xpi
1518093971015	addons.xpi	INFO	Mapping aushelper@mozilla.org to C:\Program Files (x86)\Mozilla Firefox\browser\features\aushelper@mozilla.org.xpi
1518093971016	addons.xpi	INFO	Mapping clicktoplay-rollout@mozilla.org to C:\Program Files (x86)\Mozilla Firefox\browser\features\clicktoplay-rollout@mozilla.org.xpi
1518093971016	addons.xpi	INFO	Mapping e10srollout@mozilla.org to C:\Program Files (x86)\Mozilla Firefox\browser\features\e10srollout@mozilla.org.xpi
1518093971016	addons.xpi	INFO	Mapping firefox@getpocket.com to C:\Program Files (x86)\Mozilla Firefox\browser\features\firefox@getpocket.com.xpi
1518093971016	addons.xpi	INFO	Mapping followonsearch@mozilla.com to C:\Program Files (x86)\Mozilla Firefox\browser\features\followonsearch@mozilla.com.xpi
1518093971016	addons.xpi	INFO	Mapping formautofill@mozilla.org to C:\Program Files (x86)\Mozilla Firefox\browser\features\formautofill@mozilla.org.xpi
1518093971017	addons.xpi	INFO	Mapping onboarding@mozilla.org to C:\Program Files (x86)\Mozilla Firefox\browser\features\onboarding@mozilla.org.xpi
1518093971017	addons.xpi	INFO	Mapping screenshots@mozilla.org to C:\Program Files (x86)\Mozilla Firefox\browser\features\screenshots@mozilla.org.xpi
1518093971017	addons.xpi	INFO	Mapping shield-recipe-client@mozilla.org to C:\Program Files (x86)\Mozilla Firefox\browser\features\shield-recipe-client@mozilla.org.xpi
1518093971017	addons.xpi	INFO	Mapping webcompat@mozilla.org to C:\Program Files (x86)\Mozilla Firefox\browser\features\webcompat@mozilla.org.xpi
1518093971018	addons.xpi	DEBUG	Existing add-on activity-stream@mozilla.org in app-system-defaults
1518093971019	addons.xpi	DEBUG	Existing add-on aushelper@mozilla.org in app-system-defaults
1518093971019	addons.xpi	DEBUG	Existing add-on clicktoplay-rollout@mozilla.org in app-system-defaults
1518093971020	addons.xpi	DEBUG	Existing add-on e10srollout@mozilla.org in app-system-defaults
1518093971020	addons.xpi	DEBUG	Existing add-on firefox@getpocket.com in app-system-defaults
1518093971020	addons.xpi	DEBUG	Existing add-on followonsearch@mozilla.com in app-system-defaults
1518093971021	addons.xpi	DEBUG	Existing add-on formautofill@mozilla.org in app-system-defaults
1518093971021	addons.xpi	DEBUG	Existing add-on onboarding@mozilla.org in app-system-defaults
1518093971022	addons.xpi	DEBUG	Existing add-on screenshots@mozilla.org in app-system-defaults
1518093971022	addons.xpi	DEBUG	Existing add-on shield-recipe-client@mozilla.org in app-system-defaults
1518093971023	addons.xpi	DEBUG	Existing add-on webcompat@mozilla.org in app-system-defaults
1518093971024	addons.xpi	INFO	Mapping {972ce4c6-7e08-4474-a285-3208198ce6fd} to C:\Program Files (x86)\Mozilla Firefox\browser\extensions\{972ce4c6-7e08-4474-a285-3208198ce6fd}.xpi
1518093971024	addons.xpi	DEBUG	Existing add-on {972ce4c6-7e08-4474-a285-3208198ce6fd} in app-global
1518093971025	addons.xpi	DEBUG	Existing add-on light_plugin_ACF0E80077C511E59DED005056C00008@kaspersky.com in winreg-app-global
1518093971025	addons.xpi	DEBUG	getInstallState changed: false, state: {}
[Child 4284] WARNING: pipe error: 109: file z:/build/build/src/ipc/chromium/src/chrome/common/ipc_channel_win.cc, line 346
[Child 4284] WARNING: pipe error: 109: file z:/build/build/src/ipc/chromium/src/chrome/common/ipc_channel_win.cc, line 346
1518093971430	DeferredSave.webext.sc.lz4	DEBUG	Starting write
1518093971461	DeferredSave.webext.sc.lz4	DEBUG	Write succeeded
1518093971469	addons.productaddons	INFO	sending request to: https://aus5.mozilla.org/update/3/GMP/56.0/20170926190823/WINNT_x86-msvc-x64/en-US/release/Windows_NT%206.1.1.0%20(x64)/default/default/update.xml
1518093972751	addons.productaddons	INFO	Completed downloading document
1518093973436	addons.productaddons	INFO	downloadXHR File download. status=200
1518093973445	addons.productaddons	INFO	Downloaded file will be saved to C:\Users\Admin\AppData\Local\Temp\tmpaddon-e99eea
1518093973803	addons.productaddons	WARN	Failed downloading via XHR, status: 0, reason: error

Build info: version: &amp;apos;2.53.1&amp;apos;, revision: &amp;apos;a36b8b1&amp;apos;, time: &amp;apos;2016-06-30 17:37:03&amp;apos;
System info: host: &amp;apos;Admin-PC&amp;apos;, ip: &amp;apos;192.168.0.100&amp;apos;, os.name: &amp;apos;Windows 7&amp;apos;, os.arch: &amp;apos;amd64&amp;apos;, os.version: &amp;apos;6.1&amp;apos;, java.version: &amp;apos;1.8.0_144&amp;apos;
Driver info: driver.version: FirefoxDriver">
      <![CDATA[org.openqa.selenium.WebDriverException: Failed to connect to binary FirefoxBinary(C:\Program Files (x86)\Mozilla Firefox\firefox.exe) on port 7055; process output follows: 
\Mozilla Firefox\browser\features\activity-stream@mozilla.org.xpi
1518093971015	addons.xpi	INFO	Mapping aushelper@mozilla.org to C:\Program Files (x86)\Mozilla Firefox\browser\features\aushelper@mozilla.org.xpi
1518093971016	addons.xpi	INFO	Mapping clicktoplay-rollout@mozilla.org to C:\Program Files (x86)\Mozilla Firefox\browser\features\clicktoplay-rollout@mozilla.org.xpi
1518093971016	addons.xpi	INFO	Mapping e10srollout@mozilla.org to C:\Program Files (x86)\Mozilla Firefox\browser\features\e10srollout@mozilla.org.xpi
1518093971016	addons.xpi	INFO	Mapping firefox@getpocket.com to C:\Program Files (x86)\Mozilla Firefox\browser\features\firefox@getpocket.com.xpi
1518093971016	addons.xpi	INFO	Mapping followonsearch@mozilla.com to C:\Program Files (x86)\Mozilla Firefox\browser\features\followonsearch@mozilla.com.xpi
1518093971016	addons.xpi	INFO	Mapping formautofill@mozilla.org to C:\Program Files (x86)\Mozilla Firefox\browser\features\formautofill@mozilla.org.xpi
1518093971017	addons.xpi	INFO	Mapping onboarding@mozilla.org to C:\Program Files (x86)\Mozilla Firefox\browser\features\onboarding@mozilla.org.xpi
1518093971017	addons.xpi	INFO	Mapping screenshots@mozilla.org to C:\Program Files (x86)\Mozilla Firefox\browser\features\screenshots@mozilla.org.xpi
1518093971017	addons.xpi	INFO	Mapping shield-recipe-client@mozilla.org to C:\Program Files (x86)\Mozilla Firefox\browser\features\shield-recipe-client@mozilla.org.xpi
1518093971017	addons.xpi	INFO	Mapping webcompat@mozilla.org to C:\Program Files (x86)\Mozilla Firefox\browser\features\webcompat@mozilla.org.xpi
1518093971018	addons.xpi	DEBUG	Existing add-on activity-stream@mozilla.org in app-system-defaults
1518093971019	addons.xpi	DEBUG	Existing add-on aushelper@mozilla.org in app-system-defaults
1518093971019	addons.xpi	DEBUG	Existing add-on clicktoplay-rollout@mozilla.org in app-system-defaults
1518093971020	addons.xpi	DEBUG	Existing add-on e10srollout@mozilla.org in app-system-defaults
1518093971020	addons.xpi	DEBUG	Existing add-on firefox@getpocket.com in app-system-defaults
1518093971020	addons.xpi	DEBUG	Existing add-on followonsearch@mozilla.com in app-system-defaults
1518093971021	addons.xpi	DEBUG	Existing add-on formautofill@mozilla.org in app-system-defaults
1518093971021	addons.xpi	DEBUG	Existing add-on onboarding@mozilla.org in app-system-defaults
1518093971022	addons.xpi	DEBUG	Existing add-on screenshots@mozilla.org in app-system-defaults
1518093971022	addons.xpi	DEBUG	Existing add-on shield-recipe-client@mozilla.org in app-system-defaults
1518093971023	addons.xpi	DEBUG	Existing add-on webcompat@mozilla.org in app-system-defaults
1518093971024	addons.xpi	INFO	Mapping {972ce4c6-7e08-4474-a285-3208198ce6fd} to C:\Program Files (x86)\Mozilla Firefox\browser\extensions\{972ce4c6-7e08-4474-a285-3208198ce6fd}.xpi
1518093971024	addons.xpi	DEBUG	Existing add-on {972ce4c6-7e08-4474-a285-3208198ce6fd} in app-global
1518093971025	addons.xpi	DEBUG	Existing add-on light_plugin_ACF0E80077C511E59DED005056C00008@kaspersky.com in winreg-app-global
1518093971025	addons.xpi	DEBUG	getInstallState changed: false, state: {}
[Child 4284] WARNING: pipe error: 109: file z:/build/build/src/ipc/chromium/src/chrome/common/ipc_channel_win.cc, line 346
[Child 4284] WARNING: pipe error: 109: file z:/build/build/src/ipc/chromium/src/chrome/common/ipc_channel_win.cc, line 346
1518093971430	DeferredSave.webext.sc.lz4	DEBUG	Starting write
1518093971461	DeferredSave.webext.sc.lz4	DEBUG	Write succeeded
1518093971469	addons.productaddons	INFO	sending request to: https://aus5.mozilla.org/update/3/GMP/56.0/20170926190823/WINNT_x86-msvc-x64/en-US/release/Windows_NT%206.1.1.0%20(x64)/default/default/update.xml
1518093972751	addons.productaddons	INFO	Completed downloading document
1518093973436	addons.productaddons	INFO	downloadXHR File download. status=200
1518093973445	addons.productaddons	INFO	Downloaded file will be saved to C:\Users\Admin\AppData\Local\Temp\tmpaddon-e99eea
1518093973803	addons.productaddons	WARN	Failed downloading via XHR, status: 0, reason: error

Build info: version: '2.53.1', revision: 'a36b8b1', time: '2016-06-30 17:37:03'
System info: host: 'Admin-PC', ip: '192.168.0.100', os.name: 'Windows 7', os.arch: 'amd64', os.version: '6.1', java.version: '1.8.0_144'
Driver info: driver.version: FirefoxDriver
	at org.openqa.selenium.firefox.internal.NewProfileExtensionConnection.start(NewProfileExtensionConnection.java:124)
	at org.openqa.selenium.firefox.FirefoxDriver.startClient(FirefoxDriver.java:271)
	at org.openqa.selenium.remote.RemoteWebDriver.<init>(RemoteWebDriver.java:119)
	at org.openqa.selenium.firefox.FirefoxDriver.<init>(FirefoxDriver.java:218)
	at org.openqa.selenium.firefox.FirefoxDriver.<init>(FirefoxDriver.java:211)
	at org.openqa.selenium.firefox.FirefoxDriver.<init>(FirefoxDriver.java:207)
	at org.openqa.selenium.firefox.FirefoxDriver.<init>(FirefoxDriver.java:120)
	at kl.Orangehrm.beforeTest(Orangehrm.java:35)
	at java.util.concurrent.FutureTask.run(FutureTask.java:266)
	at java.util.concurrent.ThreadPoolExecutor.runWorker(ThreadPoolExecutor.java:1149)
	at java.util.concurrent.ThreadPoolExecutor$Worker.run(ThreadPoolExecutor.java:624)
	at java.lang.Thread.run(Thread.java:748)
Caused by: org.openqa.selenium.firefox.NotConnectedException: Unable to connect to host 127.0.0.1 on port 7055 after 45000 ms. Firefox console output:
\Mozilla Firefox\browser\features\activity-stream@mozilla.org.xpi
1518093971015	addons.xpi	INFO	Mapping aushelper@mozilla.org to C:\Program Files (x86)\Mozilla Firefox\browser\features\aushelper@mozilla.org.xpi
1518093971016	addons.xpi	INFO	Mapping clicktoplay-rollout@mozilla.org to C:\Program Files (x86)\Mozilla Firefox\browser\features\clicktoplay-rollout@mozilla.org.xpi
1518093971016	addons.xpi	INFO	Mapping e10srollout@mozilla.org to C:\Program Files (x86)\Mozilla Firefox\browser\features\e10srollout@mozilla.org.xpi
1518093971016	addons.xpi	INFO	Mapping firefox@getpocket.com to C:\Program Files (x86)\Mozilla Firefox\browser\features\firefox@getpocket.com.xpi
1518093971016	addons.xpi	INFO	Mapping followonsearch@mozilla.com to C:\Program Files (x86)\Mozilla Firefox\browser\features\followonsearch@mozilla.com.xpi
1518093971016	addons.xpi	INFO	Mapping formautofill@mozilla.org to C:\Program Files (x86)\Mozilla Firefox\browser\features\formautofill@mozilla.org.xpi
1518093971017	addons.xpi	INFO	Mapping onboarding@mozilla.org to C:\Program Files (x86)\Mozilla Firefox\browser\features\onboarding@mozilla.org.xpi
1518093971017	addons.xpi	INFO	Mapping screenshots@mozilla.org to C:\Program Files (x86)\Mozilla Firefox\browser\features\screenshots@mozilla.org.xpi
1518093971017	addons.xpi	INFO	Mapping shield-recipe-client@mozilla.org to C:\Program Files (x86)\Mozilla Firefox\browser\features\shield-recipe-client@mozilla.org.xpi
1518093971017	addons.xpi	INFO	Mapping webcompat@mozilla.org to C:\Program Files (x86)\Mozilla Firefox\browser\features\webcompat@mozilla.org.xpi
1518093971018	addons.xpi	DEBUG	Existing add-on activity-stream@mozilla.org in app-system-defaults
1518093971019	addons.xpi	DEBUG	Existing add-on aushelper@mozilla.org in app-system-defaults
1518093971019	addons.xpi	DEBUG	Existing add-on clicktoplay-rollout@mozilla.org in app-system-defaults
1518093971020	addons.xpi	DEBUG	Existing add-on e10srollout@mozilla.org in app-system-defaults
1518093971020	addons.xpi	DEBUG	Existing add-on firefox@getpocket.com in app-system-defaults
1518093971020	addons.xpi	DEBUG	Existing add-on followonsearch@mozilla.com in app-system-defaults
1518093971021	addons.xpi	DEBUG	Existing add-on formautofill@mozilla.org in app-system-defaults
1518093971021	addons.xpi	DEBUG	Existing add-on onboarding@mozilla.org in app-system-defaults
1518093971022	addons.xpi	DEBUG	Existing add-on screenshots@mozilla.org in app-system-defaults
1518093971022	addons.xpi	DEBUG	Existing add-on shield-recipe-client@mozilla.org in app-system-defaults
1518093971023	addons.xpi	DEBUG	Existing add-on webcompat@mozilla.org in app-system-defaults
1518093971024	addons.xpi	INFO	Mapping {972ce4c6-7e08-4474-a285-3208198ce6fd} to C:\Program Files (x86)\Mozilla Firefox\browser\extensions\{972ce4c6-7e08-4474-a285-3208198ce6fd}.xpi
1518093971024	addons.xpi	DEBUG	Existing add-on {972ce4c6-7e08-4474-a285-3208198ce6fd} in app-global
1518093971025	addons.xpi	DEBUG	Existing add-on light_plugin_ACF0E80077C511E59DED005056C00008@kaspersky.com in winreg-app-global
1518093971025	addons.xpi	DEBUG	getInstallState changed: false, state: {}
[Child 4284] WARNING: pipe error: 109: file z:/build/build/src/ipc/chromium/src/chrome/common/ipc_channel_win.cc, line 346
[Child 4284] WARNING: pipe error: 109: file z:/build/build/src/ipc/chromium/src/chrome/common/ipc_channel_win.cc, line 346
1518093971430	DeferredSave.webext.sc.lz4	DEBUG	Starting write
1518093971461	DeferredSave.webext.sc.lz4	DEBUG	Write succeeded
1518093971469	addons.productaddons	INFO	sending request to: https://aus5.mozilla.org/update/3/GMP/56.0/20170926190823/WINNT_x86-msvc-x64/en-US/release/Windows_NT%206.1.1.0%20(x64)/default/default/update.xml
1518093972751	addons.productaddons	INFO	Completed downloading document
1518093973436	addons.productaddons	INFO	downloadXHR File download. status=200
1518093973445	addons.productaddons	INFO	Downloaded file will be saved to C:\Users\Admin\AppData\Local\Temp\tmpaddon-e99eea
1518093973803	addons.productaddons	WARN	Failed downloading via XHR, status: 0, reason: error

	at org.openqa.selenium.firefox.internal.NewProfileExtensionConnection.start(NewProfileExtensionConnection.java:112)
	... 27 more
... Removed 16 stack frames]]>
    </failure>
  </testcase> <!-- @BeforeClass beforeTest -->
  <testcase name="f" time="0.0" classname="kl.Orangehrm">
    <skipped/>
  </testcase> <!-- f -->
  <testcase name="f2" time="0.0" classname="kl.Orangehrm">
    <skipped/>
  </testcase> <!-- f2 -->
  <testcase name="f3" time="0.0" classname="kl.Orangehrm">
    <skipped/>
  </testcase> <!-- f3 -->
</testsuite> <!-- firefox -->
